Using pre-set license
Built from '2020.3/staging' branch; Version is '2020.3.11f1 (99c7afb366b3) revision 10078127'; Using compiler version '192528614'; Build Type 'Release'
OS: 'Windows 10 Home; OS build 22000.556; Version 2009; 64bit' Language: 'en' Physical Memory: 16259 MB
BatchMode: 1, IsHumanControllingUs: 0, StartBugReporterOnCrash: 0, Is64bit: 1, IsPro: 0

 COMMAND LINE ARGUMENTS:
C:\Program Files\Unity\Hub\Editor\2020.3.11f1\Editor\Unity.exe
-adb2
-batchMode
-noUpm
-name
AssetImportWorker0
-projectPath
C:/Users/wjmzb/Documents/Unity/TBSoccer
-logFile
Logs/AssetImportWorker0.log
-srvPort
62162
Successfully changed project path to: C:/Users/wjmzb/Documents/Unity/TBSoccer
C:/Users/wjmzb/Documents/Unity/TBSoccer
Using Asset Import Pipeline V2.
Refreshing native plugins compatible for Editor in 81.02 ms, found 3 plugins.
Preloading 0 native plugins for Editor in 0.00 ms.
Initialize engine version: 2020.3.11f1 (99c7afb366b3)
[Subsystems] Discovering subsystems at path C:/Program Files/Unity/Hub/Editor/2020.3.11f1/Editor/Data/Resources/UnitySubsystems
[Subsystems] Discovering subsystems at path C:/Users/wjmzb/Documents/Unity/TBSoccer/Assets
GfxDevice: creating device client; threaded=0
Direct3D:
    Version:  Direct3D 11.0 [level 11.1]
    Renderer: NVIDIA GeForce RTX 2060 (ID=0x1f11)
    Vendor:   
    VRAM:     5980 MB
    Driver:   30.0.15.1179
Initialize mono
Mono path[0] = 'C:/Program Files/Unity/Hub/Editor/2020.3.11f1/Editor/Data/Managed'
Mono path[1] = 'C:/Program Files/Unity/Hub/Editor/2020.3.11f1/Editor/Data/MonoBleedingEdge/lib/mono/unityjit'
Mono config path = 'C:/Program Files/Unity/Hub/Editor/2020.3.11f1/Editor/Data/MonoBleedingEdge/etc'
Using monoOptions --debugger-agent=transport=dt_socket,embedding=1,server=y,suspend=n,address=127.0.0.1:56380
Begin MonoManager ReloadAssembly
Registering precompiled unity dll's ...
Register platform support module: C:/Program Files/Unity/Hub/Editor/2020.3.11f1/Editor/Data/PlaybackEngines/WindowsStandaloneSupport/UnityEditor.WindowsStandalone.Extensions.dll
Registered in 0.003282 seconds.
Native extension for WindowsStandalone target not found
Refreshing native plugins compatible for Editor in 72.48 ms, found 3 plugins.
Preloading 0 native plugins for Editor in 0.00 ms.
Mono: successfully reloaded assembly
- Completed reload, in  1.989 seconds
Platform modules already initialized, skipping
Registering precompiled user dll's ...
Registered in 0.008783 seconds.
Begin MonoManager ReloadAssembly
Native extension for WindowsStandalone target not found
Refreshing native plugins compatible for Editor in 75.43 ms, found 3 plugins.
Preloading 0 native plugins for Editor in 0.00 ms.
Mono: successfully reloaded assembly
- Completed reload, in  2.518 seconds
Platform modules already initialized, skipping
========================================================================
Worker process is ready to serve import requests
Launched and connected shader compiler UnityShaderCompiler.exe after 0.07 seconds
Refreshing native plugins compatible for Editor in 1.05 ms, found 3 plugins.
Preloading 0 native plugins for Editor in 0.00 ms.
Unloading 2082 Unused Serialized files (Serialized files now loaded: 0)
System memory in use before: 92.9 MB.
System memory in use after: 92.9 MB.

Unloading 33 unused Assets to reduce memory usage. Loaded Objects now: 2517.
Total: 3.069200 ms (FindLiveObjects: 0.249400 ms CreateObjectMapping: 0.117500 ms MarkObjects: 2.525900 ms  DeleteObjects: 0.175000 ms)

========================================================================
Received Import Request.
  path: Assets/Source/UIHandle.cs
  artifactKey: Guid(e3afe01c0d392c84cadfd6a218a0dade) Importer(815301076,1909f56bfc062723c751e8b465ee728b)
Start importing Assets/Source/UIHandle.cs using Guid(e3afe01c0d392c84cadfd6a218a0dade) Importer(815301076,1909f56bfc062723c751e8b465ee728b)  -> (artifact id: '8e9ea63e70372394414c8c6d59251a04') in 0.060902 seconds
  Import took 0.067821 seconds .

========================================================================
Received Prepare
Refreshing native plugins compatible for Editor in 8.09 ms, found 3 plugins.
Preloading 0 native plugins for Editor in 0.00 ms.
Unloading 19 Unused Serialized files (Serialized files now loaded: 0)
System memory in use before: 52.0 MB.
System memory in use after: 52.0 MB.

Unloading 19 unused Assets to reduce memory usage. Loaded Objects now: 2517.
Total: 5.883200 ms (FindLiveObjects: 0.511700 ms CreateObjectMapping: 0.392600 ms MarkObjects: 4.745600 ms  DeleteObjects: 0.231500 ms)

========================================================================
Received Import Request.
  Time since last request: 42.965379 seconds.
  path: Assets/Source/UIHandle.cs
  artifactKey: Guid(e3afe01c0d392c84cadfd6a218a0dade) Importer(815301076,1909f56bfc062723c751e8b465ee728b)
Start importing Assets/Source/UIHandle.cs using Guid(e3afe01c0d392c84cadfd6a218a0dade) Importer(815301076,1909f56bfc062723c751e8b465ee728b)  -> (artifact id: '279ae1784a340cddbe0a03b12bf39b1d') in 0.009158 seconds
  Import took 0.017778 seconds .

========================================================================
Received Import Request.
  Time since last request: 3.576240 seconds.
  path: Assets/Source/UIHandle.cs
  artifactKey: Guid(e3afe01c0d392c84cadfd6a218a0dade) Importer(815301076,1909f56bfc062723c751e8b465ee728b)
Start importing Assets/Source/UIHandle.cs using Guid(e3afe01c0d392c84cadfd6a218a0dade) Importer(815301076,1909f56bfc062723c751e8b465ee728b)  -> (artifact id: '341934675f0b7ecf7ae2f3bdf97a2106') in 0.023814 seconds
  Import took 0.061152 seconds .

========================================================================
Received Prepare
Registering precompiled user dll's ...
Registered in 0.012109 seconds.
Begin MonoManager ReloadAssembly
Native extension for WindowsStandalone target not found
Refreshing native plugins compatible for Editor in 1.02 ms, found 3 plugins.
Preloading 0 native plugins for Editor in 0.00 ms.
Mono: successfully reloaded assembly
- Completed reload, in  2.436 seconds
Platform modules already initialized, skipping
Refreshing native plugins compatible for Editor in 3.78 ms, found 3 plugins.
Preloading 0 native plugins for Editor in 0.00 ms.
Unloading 2077 Unused Serialized files (Serialized files now loaded: 0)
System memory in use before: 92.9 MB.
System memory in use after: 92.9 MB.

Unloading 21 unused Assets to reduce memory usage. Loaded Objects now: 2521.
Total: 3.760900 ms (FindLiveObjects: 0.379200 ms CreateObjectMapping: 0.185700 ms MarkObjects: 3.049000 ms  DeleteObjects: 0.144900 ms)

========================================================================
Received Prepare
Registering precompiled user dll's ...
Registered in 0.014643 seconds.
Begin MonoManager ReloadAssembly
Native extension for WindowsStandalone target not found
Refreshing native plugins compatible for Editor in 0.93 ms, found 3 plugins.
Preloading 0 native plugins for Editor in 0.00 ms.
Mono: successfully reloaded assembly
- Completed reload, in  2.242 seconds
Platform modules already initialized, skipping
Refreshing native plugins compatible for Editor in 0.54 ms, found 3 plugins.
Preloading 0 native plugins for Editor in 0.00 ms.
Unloading 2077 Unused Serialized files (Serialized files now loaded: 0)
System memory in use before: 92.9 MB.
System memory in use after: 92.9 MB.

Unloading 21 unused Assets to reduce memory usage. Loaded Objects now: 2525.
Total: 4.871600 ms (FindLiveObjects: 0.466500 ms CreateObjectMapping: 0.237900 ms MarkObjects: 3.993700 ms  DeleteObjects: 0.171200 ms)

AssetImportWorkerClient::OnTransportError - code=2 error=End of file
